2019-09-25 18:22:26,417 INFO[org.springframework.web.servlet.DispatcherServlet:488] - FrameworkServlet 'spring-dispatcher': initialization started
2019-09-25 18:22:26,447 INFO[org.springframework.web.context.support.XmlWebApplicationContext:573] - Refreshing WebApplicationContext for namespace 'spring-dispatcher-servlet': startup date [Wed Sep 25 18:22:26 CST 2019]; root of context hierarchy
2019-09-25 18:22:26,527 INFO[org.springframework.beans.factory.xml.XmlBeanDefinitionReader:317] - Loading XML bean definitions from ServletContext resource [/WEB-INF/spring/spring-web.xml]
2019-09-25 18:22:26,857 INFO[org.springframework.beans.factory.xml.XmlBeanDefinitionReader:317] - Loading XML bean definitions from ServletContext resource [/WEB-INF/spring/spring-redis.xml]
2019-09-25 18:22:26,917 INFO[org.springframework.beans.factory.xml.XmlBeanDefinitionReader:317] - Loading XML bean definitions from ServletContext resource [/WEB-INF/spring/spring-service.xml]
2019-09-25 18:22:26,967 INFO[org.springframework.beans.factory.xml.XmlBeanDefinitionReader:317] - Loading XML bean definitions from ServletContext resource [/WEB-INF/spring/spring-mail.xml]
2019-09-25 18:22:26,997 INFO[org.springframework.beans.factory.xml.XmlBeanDefinitionReader:317] - Loading XML bean definitions from ServletContext resource [/WEB-INF/spring/spring-dao.xml]
2019-09-25 18:22:27,277 INFO[org.springframework.context.support.PropertySourcesPlaceholderConfigurer:172] - Loading properties file from ServletContext resource [/WEB-INF/redis.properties]
2019-09-25 18:22:27,297 INFO[org.springframework.context.support.PropertySourcesPlaceholderConfigurer:172] - Loading properties file from URL [file:/D:/IdeaProjects/master/target/master/WEB-INF/classes/mail.properties]
2019-09-25 18:22:27,297 INFO[org.springframework.context.support.PropertySourcesPlaceholderConfigurer:172] - Loading properties file from URL [file:/D:/IdeaProjects/master/target/master/WEB-INF/classes/jdbc.properties]
2019-09-25 18:22:27,297 INFO[org.springframework.beans.factory.annotation.AutowiredAnnotationBeanPostProcessor:153] - JSR-330 'javax.inject.Inject' annotation found and supported for autowiring
2019-09-25 18:22:27,597 INFO[org.springframework.web.servlet.mvc.method.annotation.RequestMappingHandlerMapping:532] - Mapped "{[/adminAddProduct],methods=[POST]}" onto public java.lang.String ssm.controller.admin.AdminAddProductController.addProduct(javax.servlet.http.HttpServletRequest) throws java.io.UnsupportedEncodingException
2019-09-25 18:22:27,597 INFO[org.springframework.web.servlet.mvc.method.annotation.RequestMappingHandlerMapping:532] - Mapped "{[/adminAddProductUI],methods=[GET]}" onto public java.lang.String ssm.controller.admin.AdminAddProductUIController.doGetAddProductUI(javax.servlet.http.HttpServletRequest,javax.servlet.http.HttpServletResponse)
2019-09-25 18:22:27,607 INFO[org.springframework.web.servlet.mvc.method.annotation.RequestMappingHandlerMapping:532] - Mapped "{[/adminDelProduct],methods=[GET]}" onto public java.lang.String ssm.controller.admin.AdminDelProductController.delProduct(javax.servlet.http.HttpServletRequest)
2019-09-25 18:22:27,607 INFO[org.springframework.web.servlet.mvc.method.annotation.RequestMappingHandlerMapping:532] - Mapped "{[/findAllOrders]}" onto public java.lang.String ssm.controller.admin.AdminOrderController.findAllOrders(javax.servlet.http.HttpServletRequest)
2019-09-25 18:22:27,607 INFO[org.springframework.web.servlet.mvc.method.annotation.RequestMappingHandlerMapping:532] - Mapped "{[/findOrderInfoByOid],produces=[text/html;charset=UTF-8]}" onto public java.lang.String ssm.controller.admin.AdminOrderController.findOrderInfoByOid(javax.servlet.http.HttpServletRequest)
2019-09-25 18:22:27,607 INFO[org.springframework.web.servlet.mvc.method.annotation.RequestMappingHandlerMapping:532] - Mapped "{[/adminProductList],methods=[GET]}" onto protected java.lang.String ssm.controller.admin.AdminProductListController.doGet(javax.servlet.http.HttpServletRequest,javax.servlet.http.HttpServletResponse)
2019-09-25 18:22:27,607 INFO[org.springframework.web.servlet.mvc.method.annotation.RequestMappingHandlerMapping:532] - Mapped "{[/admin/home],methods=[GET]}" onto private java.lang.String ssm.controller.admin.AdminProductListController.getHome()
2019-09-25 18:22:27,617 INFO[org.springframework.web.servlet.mvc.method.annotation.RequestMappingHandlerMapping:532] - Mapped "{[/adminSearchProductList],methods=[POST]}" onto public java.lang.String ssm.controller.admin.AdminSearchProductListController.getSearchProductList(javax.servlet.http.HttpServletRequest) throws java.io.UnsupportedEncodingException
2019-09-25 18:22:27,617 INFO[org.springframework.web.servlet.mvc.method.annotation.RequestMappingHandlerMapping:532] - Mapped "{[/adminUpdateProduct],methods=[POST]}" onto public java.lang.String ssm.controller.admin.AdminUpdateProductController.doAddProduct(javax.servlet.http.HttpServletRequest) throws java.io.UnsupportedEncodingException
2019-09-25 18:22:27,617 INFO[org.springframework.web.servlet.mvc.method.annotation.RequestMappingHandlerMapping:532] - Mapped "{[/adminUpdateProductUI],methods=[GET]}" onto public java.lang.String ssm.controller.admin.AdminUpdateProductUIController.updateProductUI(javax.servlet.http.HttpServletRequest,javax.servlet.http.HttpServletResponse)
2019-09-25 18:22:27,617 INFO[org.springframework.web.servlet.mvc.method.annotation.RequestMappingHandlerMapping:532] - Mapped "{[/categoryList],produces=[text/html;charset=UTF-8]}" onto public java.lang.String ssm.controller.CategoryListController.getCategoryList()
2019-09-25 18:22:27,627 INFO[org.springframework.web.servlet.mvc.method.annotation.RequestMappingHandlerMapping:532] - Mapped "{[/index],methods=[GET]}" onto public java.lang.String ssm.controller.ProductController.getIndex(javax.servlet.http.HttpServletRequest)
2019-09-25 18:22:27,627 INFO[org.springframework.web.servlet.mvc.method.annotation.RequestMappingHandlerMapping:532] - Mapped "{[/myOrders]}" onto public java.lang.String ssm.controller.ProductController.myOrders(javax.servlet.http.HttpServletRequest,javax.servlet.http.HttpSession)
2019-09-25 18:22:27,627 INFO[org.springframework.web.servlet.mvc.method.annotation.RequestMappingHandlerMapping:532] - Mapped "{[/clearCart]}" onto public java.lang.String ssm.controller.ProductController.clearCart(javax.servlet.http.HttpServletRequest,javax.servlet.http.HttpSession)
2019-09-25 18:22:27,627 INFO[org.springframework.web.servlet.mvc.method.annotation.RequestMappingHandlerMapping:532] - Mapped "{[/submitOrder]}" onto public java.lang.String ssm.controller.ProductController.submitOrder(javax.servlet.http.HttpServletRequest,javax.servlet.http.HttpSession)
2019-09-25 18:22:27,627 INFO[org.springframework.web.servlet.mvc.method.annotation.RequestMappingHandlerMapping:532] - Mapped "{[/addProductToCart]}" onto public java.lang.String ssm.controller.ProductController.addProductToCart(javax.servlet.http.HttpServletRequest,javax.servlet.http.HttpSession)
2019-09-25 18:22:27,627 INFO[org.springframework.web.servlet.mvc.method.annotation.RequestMappingHandlerMapping:532] - Mapped "{[/productInfo]}" onto public java.lang.String ssm.controller.ProductController.getProductInfo(javax.servlet.http.HttpServletRequest,javax.servlet.http.HttpServletResponse)
2019-09-25 18:22:27,627 INFO[org.springframework.web.servlet.mvc.method.annotation.RequestMappingHandlerMapping:532] - Mapped "{[/productList],methods=[GET]}" onto public java.lang.String ssm.controller.ProductController.getProductList(javax.servlet.http.HttpServletRequest)
2019-09-25 18:22:27,627 INFO[org.springframework.web.servlet.mvc.method.annotation.RequestMappingHandlerMapping:532] - Mapped "{[/productListByCid]}" onto public java.lang.String ssm.controller.ProductController.getProductListByCid(javax.servlet.http.HttpServletRequest)
2019-09-25 18:22:27,627 INFO[org.springframework.web.servlet.mvc.method.annotation.RequestMappingHandlerMapping:532] - Mapped "{[/delProductFromCart]}" onto public java.lang.String ssm.controller.ProductController.delProductFromCart(javax.servlet.http.HttpServletRequest,javax.servlet.http.HttpSession)
2019-09-25 18:22:27,637 INFO[org.springframework.web.servlet.mvc.method.annotation.RequestMappingHandlerMapping:532] - Mapped "{[/register/checkUsername]}" onto public java.lang.String ssm.controller.RegisterController.doCheckUserName(javax.servlet.http.HttpServletRequest)
2019-09-25 18:22:27,637 INFO[org.springframework.web.servlet.mvc.method.annotation.RequestMappingHandlerMapping:532] - Mapped "{[/register/active],methods=[GET]}" onto public java.lang.String ssm.controller.RegisterController.doActivate(javax.servlet.http.HttpServletRequest)
2019-09-25 18:22:27,637 INFO[org.springframework.web.servlet.mvc.method.annotation.RequestMappingHandlerMapping:532] - Mapped "{[/register/],methods=[POST]}" onto public java.lang.String ssm.controller.RegisterController.doRegister(javax.servlet.http.HttpServletRequest) throws java.io.UnsupportedEncodingException
2019-09-25 18:22:27,637 INFO[org.springframework.web.servlet.mvc.method.annotation.RequestMappingHandlerMapping:532] - Mapped "{[/user/login]}" onto public java.lang.String ssm.controller.UserController.login(javax.servlet.http.HttpServletRequest,javax.servlet.http.HttpServletResponse,javax.servlet.http.HttpSession)
2019-09-25 18:22:27,637 INFO[org.springframework.web.servlet.mvc.method.annotation.RequestMappingHandlerMapping:532] - Mapped "{[/user/logout]}" onto public java.lang.String ssm.controller.UserController.logout(javax.servlet.http.HttpSession)
2019-09-25 18:22:27,677 INFO[org.hibernate.validator.util.Version:24] - Hibernate Validator 4.2.0.Final
2019-09-25 18:22:28,197 INFO[org.springframework.web.servlet.mvc.method.annotation.RequestMappingHandlerAdapter:532] - Looking for @ControllerAdvice: WebApplicationContext for namespace 'spring-dispatcher-servlet': startup date [Wed Sep 25 18:22:26 CST 2019]; root of context hierarchy
2019-09-25 18:22:28,267 INFO[org.springframework.web.servlet.mvc.method.annotation.RequestMappingHandlerAdapter:532] - Looking for @ControllerAdvice: WebApplicationContext for namespace 'spring-dispatcher-servlet': startup date [Wed Sep 25 18:22:26 CST 2019]; root of context hierarchy
2019-09-25 18:22:28,327 INFO[org.springframework.web.servlet.handler.SimpleUrlHandlerMapping:341] - Mapped URL path [/**] onto handler 'org.springframework.web.servlet.resource.DefaultServletHttpRequestHandler#0'
2019-09-25 18:22:28,967 INFO[com.alibaba.druid.pool.DruidDataSource:947] - {dataSource-1} inited
2019-09-25 18:22:29,737 INFO[org.springframework.web.servlet.DispatcherServlet:507] - FrameworkServlet 'spring-dispatcher': initialization completed in 3320 ms
2019-09-25 18:22:35,608 INFO[org.springframework.beans.factory.xml.XmlBeanDefinitionReader:317] - Loading XML bean definitions from class path resource [org/springframework/jdbc/support/sql-error-codes.xml]
2019-09-25 18:22:35,648 INFO[org.springframework.jdbc.support.SQLErrorCodesFactory:126] - SQLErrorCodes loaded: [DB2, Derby, H2, HSQL, Informix, MS-SQL, MySQL, Oracle, PostgreSQL, Sybase, Hana]
2019-09-25 18:24:42,769 INFO[org.springframework.web.servlet.DispatcherServlet:488] - FrameworkServlet 'spring-dispatcher': initialization started
2019-09-25 18:24:42,800 INFO[org.springframework.web.context.support.XmlWebApplicationContext:573] - Refreshing WebApplicationContext for namespace 'spring-dispatcher-servlet': startup date [Wed Sep 25 18:24:42 CST 2019]; root of context hierarchy
2019-09-25 18:24:42,859 INFO[org.springframework.beans.factory.xml.XmlBeanDefinitionReader:317] - Loading XML bean definitions from ServletContext resource [/WEB-INF/spring/spring-web.xml]
2019-09-25 18:24:43,204 INFO[org.springframework.beans.factory.xml.XmlBeanDefinitionReader:317] - Loading XML bean definitions from ServletContext resource [/WEB-INF/spring/spring-redis.xml]
2019-09-25 18:24:43,240 INFO[org.springframework.beans.factory.xml.XmlBeanDefinitionReader:317] - Loading XML bean definitions from ServletContext resource [/WEB-INF/spring/spring-service.xml]
2019-09-25 18:24:43,294 INFO[org.springframework.beans.factory.xml.XmlBeanDefinitionReader:317] - Loading XML bean definitions from ServletContext resource [/WEB-INF/spring/spring-mail.xml]
2019-09-25 18:24:43,320 INFO[org.springframework.beans.factory.xml.XmlBeanDefinitionReader:317] - Loading XML bean definitions from ServletContext resource [/WEB-INF/spring/spring-dao.xml]
2019-09-25 18:24:43,626 INFO[org.springframework.context.support.PropertySourcesPlaceholderConfigurer:172] - Loading properties file from ServletContext resource [/WEB-INF/redis.properties]
2019-09-25 18:24:43,640 INFO[org.springframework.context.support.PropertySourcesPlaceholderConfigurer:172] - Loading properties file from URL [file:/D:/IdeaProjects/master/target/master/WEB-INF/classes/mail.properties]
2019-09-25 18:24:43,645 INFO[org.springframework.context.support.PropertySourcesPlaceholderConfigurer:172] - Loading properties file from URL [file:/D:/IdeaProjects/master/target/master/WEB-INF/classes/jdbc.properties]
2019-09-25 18:24:43,652 INFO[org.springframework.beans.factory.annotation.AutowiredAnnotationBeanPostProcessor:153] - JSR-330 'javax.inject.Inject' annotation found and supported for autowiring
2019-09-25 18:24:43,944 INFO[org.springframework.web.servlet.mvc.method.annotation.RequestMappingHandlerMapping:532] - Mapped "{[/adminAddProduct],methods=[POST]}" onto public java.lang.String ssm.controller.admin.AdminAddProductController.addProduct(javax.servlet.http.HttpServletRequest) throws java.io.UnsupportedEncodingException
2019-09-25 18:24:43,946 INFO[org.springframework.web.servlet.mvc.method.annotation.RequestMappingHandlerMapping:532] - Mapped "{[/adminAddProductUI],methods=[GET]}" onto public java.lang.String ssm.controller.admin.AdminAddProductUIController.doGetAddProductUI(javax.servlet.http.HttpServletRequest,javax.servlet.http.HttpServletResponse)
2019-09-25 18:24:43,948 INFO[org.springframework.web.servlet.mvc.method.annotation.RequestMappingHandlerMapping:532] - Mapped "{[/adminDelProduct],methods=[GET]}" onto public java.lang.String ssm.controller.admin.AdminDelProductController.delProduct(javax.servlet.http.HttpServletRequest)
2019-09-25 18:24:43,953 INFO[org.springframework.web.servlet.mvc.method.annotation.RequestMappingHandlerMapping:532] - Mapped "{[/findAllOrders]}" onto public java.lang.String ssm.controller.admin.AdminOrderController.findAllOrders(javax.servlet.http.HttpServletRequest)
2019-09-25 18:24:43,954 INFO[org.springframework.web.servlet.mvc.method.annotation.RequestMappingHandlerMapping:532] - Mapped "{[/findOrderInfoByOid],produces=[text/html;charset=UTF-8]}" onto public java.lang.String ssm.controller.admin.AdminOrderController.findOrderInfoByOid(javax.servlet.http.HttpServletRequest)
2019-09-25 18:24:43,956 INFO[org.springframework.web.servlet.mvc.method.annotation.RequestMappingHandlerMapping:532] - Mapped "{[/admin/home],methods=[GET]}" onto private java.lang.String ssm.controller.admin.AdminProductListController.getHome()
2019-09-25 18:24:43,957 INFO[org.springframework.web.servlet.mvc.method.annotation.RequestMappingHandlerMapping:532] - Mapped "{[/adminProductList],methods=[GET]}" onto protected java.lang.String ssm.controller.admin.AdminProductListController.doGet(javax.servlet.http.HttpServletRequest,javax.servlet.http.HttpServletResponse)
2019-09-25 18:24:43,960 INFO[org.springframework.web.servlet.mvc.method.annotation.RequestMappingHandlerMapping:532] - Mapped "{[/adminSearchProductList],methods=[POST]}" onto public java.lang.String ssm.controller.admin.AdminSearchProductListController.getSearchProductList(javax.servlet.http.HttpServletRequest) throws java.io.UnsupportedEncodingException
2019-09-25 18:24:43,961 INFO[org.springframework.web.servlet.mvc.method.annotation.RequestMappingHandlerMapping:532] - Mapped "{[/adminUpdateProduct],methods=[POST]}" onto public java.lang.String ssm.controller.admin.AdminUpdateProductController.doAddProduct(javax.servlet.http.HttpServletRequest) throws java.io.UnsupportedEncodingException
2019-09-25 18:24:43,962 INFO[org.springframework.web.servlet.mvc.method.annotation.RequestMappingHandlerMapping:532] - Mapped "{[/adminUpdateProductUI],methods=[GET]}" onto public java.lang.String ssm.controller.admin.AdminUpdateProductUIController.updateProductUI(javax.servlet.http.HttpServletRequest,javax.servlet.http.HttpServletResponse)
2019-09-25 18:24:43,963 INFO[org.springframework.web.servlet.mvc.method.annotation.RequestMappingHandlerMapping:532] - Mapped "{[/categoryList],produces=[text/html;charset=UTF-8]}" onto public java.lang.String ssm.controller.CategoryListController.getCategoryList()
2019-09-25 18:24:43,973 INFO[org.springframework.web.servlet.mvc.method.annotation.RequestMappingHandlerMapping:532] - Mapped "{[/index],methods=[GET]}" onto public java.lang.String ssm.controller.ProductController.getIndex(javax.servlet.http.HttpServletRequest)
2019-09-25 18:24:43,974 INFO[org.springframework.web.servlet.mvc.method.annotation.RequestMappingHandlerMapping:532] - Mapped "{[/productList],methods=[GET]}" onto public java.lang.String ssm.controller.ProductController.getProductList(javax.servlet.http.HttpServletRequest)
2019-09-25 18:24:43,975 INFO[org.springframework.web.servlet.mvc.method.annotation.RequestMappingHandlerMapping:532] - Mapped "{[/productInfo]}" onto public java.lang.String ssm.controller.ProductController.getProductInfo(javax.servlet.http.HttpServletRequest,javax.servlet.http.HttpServletResponse)
2019-09-25 18:24:43,975 INFO[org.springframework.web.servlet.mvc.method.annotation.RequestMappingHandlerMapping:532] - Mapped "{[/submitOrder]}" onto public java.lang.String ssm.controller.ProductController.submitOrder(javax.servlet.http.HttpServletRequest,javax.servlet.http.HttpSession)
2019-09-25 18:24:43,976 INFO[org.springframework.web.servlet.mvc.method.annotation.RequestMappingHandlerMapping:532] - Mapped "{[/addProductToCart]}" onto public java.lang.String ssm.controller.ProductController.addProductToCart(javax.servlet.http.HttpServletRequest,javax.servlet.http.HttpSession)
2019-09-25 18:24:43,977 INFO[org.springframework.web.servlet.mvc.method.annotation.RequestMappingHandlerMapping:532] - Mapped "{[/myOrders]}" onto public java.lang.String ssm.controller.ProductController.myOrders(javax.servlet.http.HttpServletRequest,javax.servlet.http.HttpSession)
2019-09-25 18:24:43,977 INFO[org.springframework.web.servlet.mvc.method.annotation.RequestMappingHandlerMapping:532] - Mapped "{[/clearCart]}" onto public java.lang.String ssm.controller.ProductController.clearCart(javax.servlet.http.HttpServletRequest,javax.servlet.http.HttpSession)
2019-09-25 18:24:43,978 INFO[org.springframework.web.servlet.mvc.method.annotation.RequestMappingHandlerMapping:532] - Mapped "{[/productListByCid]}" onto public java.lang.String ssm.controller.ProductController.getProductListByCid(javax.servlet.http.HttpServletRequest)
2019-09-25 18:24:43,978 INFO[org.springframework.web.servlet.mvc.method.annotation.RequestMappingHandlerMapping:532] - Mapped "{[/delProductFromCart]}" onto public java.lang.String ssm.controller.ProductController.delProductFromCart(javax.servlet.http.HttpServletRequest,javax.servlet.http.HttpSession)
2019-09-25 18:24:43,983 INFO[org.springframework.web.servlet.mvc.method.annotation.RequestMappingHandlerMapping:532] - Mapped "{[/register/active],methods=[GET]}" onto public java.lang.String ssm.controller.RegisterController.doActivate(javax.servlet.http.HttpServletRequest)
2019-09-25 18:24:43,984 INFO[org.springframework.web.servlet.mvc.method.annotation.RequestMappingHandlerMapping:532] - Mapped "{[/register/checkUsername]}" onto public java.lang.String ssm.controller.RegisterController.doCheckUserName(javax.servlet.http.HttpServletRequest)
2019-09-25 18:24:43,984 INFO[org.springframework.web.servlet.mvc.method.annotation.RequestMappingHandlerMapping:532] - Mapped "{[/register/],methods=[POST]}" onto public java.lang.String ssm.controller.RegisterController.doRegister(javax.servlet.http.HttpServletRequest) throws java.io.UnsupportedEncodingException
2019-09-25 18:24:43,987 INFO[org.springframework.web.servlet.mvc.method.annotation.RequestMappingHandlerMapping:532] - Mapped "{[/user/logout]}" onto public java.lang.String ssm.controller.UserController.logout(javax.servlet.http.HttpSession)
2019-09-25 18:24:43,988 INFO[org.springframework.web.servlet.mvc.method.annotation.RequestMappingHandlerMapping:532] - Mapped "{[/user/login]}" onto public java.lang.String ssm.controller.UserController.login(javax.servlet.http.HttpServletRequest,javax.servlet.http.HttpServletResponse,javax.servlet.http.HttpSession)
2019-09-25 18:24:44,027 INFO[org.hibernate.validator.util.Version:24] - Hibernate Validator 4.2.0.Final
2019-09-25 18:24:44,539 INFO[org.springframework.web.servlet.mvc.method.annotation.RequestMappingHandlerAdapter:532] - Looking for @ControllerAdvice: WebApplicationContext for namespace 'spring-dispatcher-servlet': startup date [Wed Sep 25 18:24:42 CST 2019]; root of context hierarchy
2019-09-25 18:24:44,610 INFO[org.springframework.web.servlet.mvc.method.annotation.RequestMappingHandlerAdapter:532] - Looking for @ControllerAdvice: WebApplicationContext for namespace 'spring-dispatcher-servlet': startup date [Wed Sep 25 18:24:42 CST 2019]; root of context hierarchy
2019-09-25 18:24:44,689 INFO[org.springframework.web.servlet.handler.SimpleUrlHandlerMapping:341] - Mapped URL path [/**] onto handler 'org.springframework.web.servlet.resource.DefaultServletHttpRequestHandler#0'
2019-09-25 18:24:45,284 INFO[com.alibaba.druid.pool.DruidDataSource:947] - {dataSource-1} inited
2019-09-25 18:24:46,409 INFO[org.springframework.web.servlet.DispatcherServlet:507] - FrameworkServlet 'spring-dispatcher': initialization completed in 3637 ms
2019-09-25 18:38:28,709 INFO[org.springframework.beans.factory.xml.XmlBeanDefinitionReader:317] - Loading XML bean definitions from class path resource [org/springframework/jdbc/support/sql-error-codes.xml]
2019-09-25 18:38:28,741 INFO[org.springframework.jdbc.support.SQLErrorCodesFactory:126] - SQLErrorCodes loaded: [DB2, Derby, H2, HSQL, Informix, MS-SQL, MySQL, Oracle, PostgreSQL, Sybase, Hana]
2019-09-25 18:41:29,323 INFO[org.springframework.web.servlet.DispatcherServlet:488] - FrameworkServlet 'spring-dispatcher': initialization started
2019-09-25 18:41:29,359 INFO[org.springframework.web.context.support.XmlWebApplicationContext:573] - Refreshing WebApplicationContext for namespace 'spring-dispatcher-servlet': startup date [Wed Sep 25 18:41:29 CST 2019]; root of context hierarchy
2019-09-25 18:41:29,431 INFO[org.springframework.beans.factory.xml.XmlBeanDefinitionReader:317] - Loading XML bean definitions from ServletContext resource [/WEB-INF/spring/spring-web.xml]
2019-09-25 18:41:29,807 INFO[org.springframework.beans.factory.xml.XmlBeanDefinitionReader:317] - Loading XML bean definitions from ServletContext resource [/WEB-INF/spring/spring-redis.xml]
2019-09-25 18:41:29,851 INFO[org.springframework.beans.factory.xml.XmlBeanDefinitionReader:317] - Loading XML bean definitions from ServletContext resource [/WEB-INF/spring/spring-service.xml]
2019-09-25 18:41:29,904 INFO[org.springframework.beans.factory.xml.XmlBeanDefinitionReader:317] - Loading XML bean definitions from ServletContext resource [/WEB-INF/spring/spring-mail.xml]
2019-09-25 18:41:29,928 INFO[org.springframework.beans.factory.xml.XmlBeanDefinitionReader:317] - Loading XML bean definitions from ServletContext resource [/WEB-INF/spring/spring-dao.xml]
2019-09-25 18:41:30,246 INFO[org.springframework.context.support.PropertySourcesPlaceholderConfigurer:172] - Loading properties file from ServletContext resource [/WEB-INF/redis.properties]
2019-09-25 18:41:30,260 INFO[org.springframework.context.support.PropertySourcesPlaceholderConfigurer:172] - Loading properties file from URL [file:/D:/IdeaProjects/master/target/master/WEB-INF/classes/mail.properties]
2019-09-25 18:41:30,264 INFO[org.springframework.context.support.PropertySourcesPlaceholderConfigurer:172] - Loading properties file from URL [file:/D:/IdeaProjects/master/target/master/WEB-INF/classes/jdbc.properties]
2019-09-25 18:41:30,272 INFO[org.springframework.beans.factory.annotation.AutowiredAnnotationBeanPostProcessor:153] - JSR-330 'javax.inject.Inject' annotation found and supported for autowiring
2019-09-25 18:41:30,593 INFO[org.springframework.web.servlet.mvc.method.annotation.RequestMappingHandlerMapping:532] - Mapped "{[/adminAddProduct],methods=[POST]}" onto public java.lang.String ssm.controller.admin.AdminAddProductController.addProduct(javax.servlet.http.HttpServletRequest) throws java.io.UnsupportedEncodingException
2019-09-25 18:41:30,595 INFO[org.springframework.web.servlet.mvc.method.annotation.RequestMappingHandlerMapping:532] - Mapped "{[/adminAddProductUI],methods=[GET]}" onto public java.lang.String ssm.controller.admin.AdminAddProductUIController.doGetAddProductUI(javax.servlet.http.HttpServletRequest,javax.servlet.http.HttpServletResponse)
2019-09-25 18:41:30,597 INFO[org.springframework.web.servlet.mvc.method.annotation.RequestMappingHandlerMapping:532] - Mapped "{[/adminDelProduct],methods=[GET]}" onto public java.lang.String ssm.controller.admin.AdminDelProductController.delProduct(javax.servlet.http.HttpServletRequest)
2019-09-25 18:41:30,602 INFO[org.springframework.web.servlet.mvc.method.annotation.RequestMappingHandlerMapping:532] - Mapped "{[/findAllOrders]}" onto public java.lang.String ssm.controller.admin.AdminOrderController.findAllOrders(javax.servlet.http.HttpServletRequest)
2019-09-25 18:41:30,603 INFO[org.springframework.web.servlet.mvc.method.annotation.RequestMappingHandlerMapping:532] - Mapped "{[/findOrderInfoByOid],produces=[text/html;charset=UTF-8]}" onto public java.lang.String ssm.controller.admin.AdminOrderController.findOrderInfoByOid(javax.servlet.http.HttpServletRequest)
2019-09-25 18:41:30,606 INFO[org.springframework.web.servlet.mvc.method.annotation.RequestMappingHandlerMapping:532] - Mapped "{[/admin/home],methods=[GET]}" onto private java.lang.String ssm.controller.admin.AdminProductListController.getHome()
2019-09-25 18:41:30,607 INFO[org.springframework.web.servlet.mvc.method.annotation.RequestMappingHandlerMapping:532] - Mapped "{[/adminProductList],methods=[GET]}" onto protected java.lang.String ssm.controller.admin.AdminProductListController.doGet(javax.servlet.http.HttpServletRequest,javax.servlet.http.HttpServletResponse)
2019-09-25 18:41:30,609 INFO[org.springframework.web.servlet.mvc.method.annotation.RequestMappingHandlerMapping:532] - Mapped "{[/adminSearchProductList],methods=[POST]}" onto public java.lang.String ssm.controller.admin.AdminSearchProductListController.getSearchProductList(javax.servlet.http.HttpServletRequest) throws java.io.UnsupportedEncodingException
2019-09-25 18:41:30,611 INFO[org.springframework.web.servlet.mvc.method.annotation.RequestMappingHandlerMapping:532] - Mapped "{[/adminUpdateProduct],methods=[POST]}" onto public java.lang.String ssm.controller.admin.AdminUpdateProductController.doAddProduct(javax.servlet.http.HttpServletRequest) throws java.io.UnsupportedEncodingException
2019-09-25 18:41:30,613 INFO[org.springframework.web.servlet.mvc.method.annotation.RequestMappingHandlerMapping:532] - Mapped "{[/adminUpdateProductUI],methods=[GET]}" onto public java.lang.String ssm.controller.admin.AdminUpdateProductUIController.updateProductUI(javax.servlet.http.HttpServletRequest,javax.servlet.http.HttpServletResponse)
2019-09-25 18:41:30,614 INFO[org.springframework.web.servlet.mvc.method.annotation.RequestMappingHandlerMapping:532] - Mapped "{[/categoryList],produces=[text/html;charset=UTF-8]}" onto public java.lang.String ssm.controller.CategoryListController.getCategoryList()
2019-09-25 18:41:30,623 INFO[org.springframework.web.servlet.mvc.method.annotation.RequestMappingHandlerMapping:532] - Mapped "{[/index],methods=[GET]}" onto public java.lang.String ssm.controller.ProductController.getIndex(javax.servlet.http.HttpServletRequest)
2019-09-25 18:41:30,623 INFO[org.springframework.web.servlet.mvc.method.annotation.RequestMappingHandlerMapping:532] - Mapped "{[/productInfo]}" onto public java.lang.String ssm.controller.ProductController.getProductInfo(javax.servlet.http.HttpServletRequest,javax.servlet.http.HttpServletResponse)
2019-09-25 18:41:30,624 INFO[org.springframework.web.servlet.mvc.method.annotation.RequestMappingHandlerMapping:532] - Mapped "{[/addProductToCart]}" onto public java.lang.String ssm.controller.ProductController.addProductToCart(javax.servlet.http.HttpServletRequest,javax.servlet.http.HttpSession)
2019-09-25 18:41:30,624 INFO[org.springframework.web.servlet.mvc.method.annotation.RequestMappingHandlerMapping:532] - Mapped "{[/productList],methods=[GET]}" onto public java.lang.String ssm.controller.ProductController.getProductList(javax.servlet.http.HttpServletRequest)
2019-09-25 18:41:30,625 INFO[org.springframework.web.servlet.mvc.method.annotation.RequestMappingHandlerMapping:532] - Mapped "{[/myOrders]}" onto public java.lang.String ssm.controller.ProductController.myOrders(javax.servlet.http.HttpServletRequest,javax.servlet.http.HttpSession)
2019-09-25 18:41:30,625 INFO[org.springframework.web.servlet.mvc.method.annotation.RequestMappingHandlerMapping:532] - Mapped "{[/clearCart]}" onto public java.lang.String ssm.controller.ProductController.clearCart(javax.servlet.http.HttpServletRequest,javax.servlet.http.HttpSession)
2019-09-25 18:41:30,626 INFO[org.springframework.web.servlet.mvc.method.annotation.RequestMappingHandlerMapping:532] - Mapped "{[/submitOrder]}" onto public java.lang.String ssm.controller.ProductController.submitOrder(javax.servlet.http.HttpServletRequest,javax.servlet.http.HttpSession)
2019-09-25 18:41:30,626 INFO[org.springframework.web.servlet.mvc.method.annotation.RequestMappingHandlerMapping:532] - Mapped "{[/productListByCid]}" onto public java.lang.String ssm.controller.ProductController.getProductListByCid(javax.servlet.http.HttpServletRequest)
2019-09-25 18:41:30,627 INFO[org.springframework.web.servlet.mvc.method.annotation.RequestMappingHandlerMapping:532] - Mapped "{[/delProductFromCart]}" onto public java.lang.String ssm.controller.ProductController.delProductFromCart(javax.servlet.http.HttpServletRequest,javax.servlet.http.HttpSession)
2019-09-25 18:41:30,630 INFO[org.springframework.web.servlet.mvc.method.annotation.RequestMappingHandlerMapping:532] - Mapped "{[/register/active],methods=[GET]}" onto public java.lang.String ssm.controller.RegisterController.doActivate(javax.servlet.http.HttpServletRequest)
2019-09-25 18:41:30,631 INFO[org.springframework.web.servlet.mvc.method.annotation.RequestMappingHandlerMapping:532] - Mapped "{[/register/checkUsername]}" onto public java.lang.String ssm.controller.RegisterController.doCheckUserName(javax.servlet.http.HttpServletRequest)
2019-09-25 18:41:30,631 INFO[org.springframework.web.servlet.mvc.method.annotation.RequestMappingHandlerMapping:532] - Mapped "{[/register/],methods=[POST]}" onto public java.lang.String ssm.controller.RegisterController.doRegister(javax.servlet.http.HttpServletRequest) throws java.io.UnsupportedEncodingException
2019-09-25 18:41:30,634 INFO[org.springframework.web.servlet.mvc.method.annotation.RequestMappingHandlerMapping:532] - Mapped "{[/user/login]}" onto public java.lang.String ssm.controller.UserController.login(javax.servlet.http.HttpServletRequest,javax.servlet.http.HttpServletResponse,javax.servlet.http.HttpSession)
2019-09-25 18:41:30,635 INFO[org.springframework.web.servlet.mvc.method.annotation.RequestMappingHandlerMapping:532] - Mapped "{[/user/logout]}" onto public java.lang.String ssm.controller.UserController.logout(javax.servlet.http.HttpSession)
2019-09-25 18:41:30,674 INFO[org.hibernate.validator.util.Version:24] - Hibernate Validator 4.2.0.Final
2019-09-25 18:41:31,245 INFO[org.springframework.web.servlet.mvc.method.annotation.RequestMappingHandlerAdapter:532] - Looking for @ControllerAdvice: WebApplicationContext for namespace 'spring-dispatcher-servlet': startup date [Wed Sep 25 18:41:29 CST 2019]; root of context hierarchy
2019-09-25 18:41:31,316 INFO[org.springframework.web.servlet.mvc.method.annotation.RequestMappingHandlerAdapter:532] - Looking for @ControllerAdvice: WebApplicationContext for namespace 'spring-dispatcher-servlet': startup date [Wed Sep 25 18:41:29 CST 2019]; root of context hierarchy
2019-09-25 18:41:31,391 INFO[org.springframework.web.servlet.handler.SimpleUrlHandlerMapping:341] - Mapped URL path [/**] onto handler 'org.springframework.web.servlet.resource.DefaultServletHttpRequestHandler#0'
2019-09-25 18:41:32,025 INFO[com.alibaba.druid.pool.DruidDataSource:947] - {dataSource-1} inited
2019-09-25 18:41:33,177 INFO[org.springframework.web.servlet.DispatcherServlet:507] - FrameworkServlet 'spring-dispatcher': initialization completed in 3851 ms
2019-09-25 18:47:50,509 INFO[org.springframework.web.servlet.DispatcherServlet:488] - FrameworkServlet 'spring-dispatcher': initialization started
2019-09-25 18:47:50,542 INFO[org.springframework.web.context.support.XmlWebApplicationContext:573] - Refreshing WebApplicationContext for namespace 'spring-dispatcher-servlet': startup date [Wed Sep 25 18:47:50 CST 2019]; root of context hierarchy
2019-09-25 18:47:50,607 INFO[org.springframework.beans.factory.xml.XmlBeanDefinitionReader:317] - Loading XML bean definitions from ServletContext resource [/WEB-INF/spring/spring-web.xml]
2019-09-25 18:47:50,984 INFO[org.springframework.beans.factory.xml.XmlBeanDefinitionReader:317] - Loading XML bean definitions from ServletContext resource [/WEB-INF/spring/spring-redis.xml]
2019-09-25 18:47:51,028 INFO[org.springframework.beans.factory.xml.XmlBeanDefinitionReader:317] - Loading XML bean definitions from ServletContext resource [/WEB-INF/spring/spring-service.xml]
2019-09-25 18:47:51,082 INFO[org.springframework.beans.factory.xml.XmlBeanDefinitionReader:317] - Loading XML bean definitions from ServletContext resource [/WEB-INF/spring/spring-mail.xml]
2019-09-25 18:47:51,107 INFO[org.springframework.beans.factory.xml.XmlBeanDefinitionReader:317] - Loading XML bean definitions from ServletContext resource [/WEB-INF/spring/spring-dao.xml]
2019-09-25 18:47:51,412 INFO[org.springframework.context.support.PropertySourcesPlaceholderConfigurer:172] - Loading properties file from ServletContext resource [/WEB-INF/redis.properties]
2019-09-25 18:47:51,427 INFO[org.springframework.context.support.PropertySourcesPlaceholderConfigurer:172] - Loading properties file from URL [file:/D:/IdeaProjects/master/target/master/WEB-INF/classes/mail.properties]
2019-09-25 18:47:51,432 INFO[org.springframework.context.support.PropertySourcesPlaceholderConfigurer:172] - Loading properties file from URL [file:/D:/IdeaProjects/master/target/master/WEB-INF/classes/jdbc.properties]
2019-09-25 18:47:51,437 INFO[org.springframework.beans.factory.annotation.AutowiredAnnotationBeanPostProcessor:153] - JSR-330 'javax.inject.Inject' annotation found and supported for autowiring
2019-09-25 18:47:51,772 INFO[org.springframework.web.servlet.mvc.method.annotation.RequestMappingHandlerMapping:532] - Mapped "{[/adminAddProduct],methods=[POST]}" onto public java.lang.String ssm.controller.admin.AdminAddProductController.addProduct(javax.servlet.http.HttpServletRequest) throws java.io.UnsupportedEncodingException
2019-09-25 18:47:51,774 INFO[org.springframework.web.servlet.mvc.method.annotation.RequestMappingHandlerMapping:532] - Mapped "{[/adminAddProductUI],methods=[GET]}" onto public java.lang.String ssm.controller.admin.AdminAddProductUIController.doGetAddProductUI(javax.servlet.http.HttpServletRequest,javax.servlet.http.HttpServletResponse)
2019-09-25 18:47:51,776 INFO[org.springframework.web.servlet.mvc.method.annotation.RequestMappingHandlerMapping:532] - Mapped "{[/adminDelProduct],methods=[GET]}" onto public java.lang.String ssm.controller.admin.AdminDelProductController.delProduct(javax.servlet.http.HttpServletRequest)
2019-09-25 18:47:51,780 INFO[org.springframework.web.servlet.mvc.method.annotation.RequestMappingHandlerMapping:532] - Mapped "{[/findAllOrders]}" onto public java.lang.String ssm.controller.admin.AdminOrderController.findAllOrders(javax.servlet.http.HttpServletRequest)
2019-09-25 18:47:51,782 INFO[org.springframework.web.servlet.mvc.method.annotation.RequestMappingHandlerMapping:532] - Mapped "{[/findOrderInfoByOid],produces=[text/html;charset=UTF-8]}" onto public java.lang.String ssm.controller.admin.AdminOrderController.findOrderInfoByOid(javax.servlet.http.HttpServletRequest)
2019-09-25 18:47:51,785 INFO[org.springframework.web.servlet.mvc.method.annotation.RequestMappingHandlerMapping:532] - Mapped "{[/admin/home],methods=[GET]}" onto private java.lang.String ssm.controller.admin.AdminProductListController.getHome()
2019-09-25 18:47:51,786 INFO[org.springframework.web.servlet.mvc.method.annotation.RequestMappingHandlerMapping:532] - Mapped "{[/adminProductList],methods=[GET]}" onto protected java.lang.String ssm.controller.admin.AdminProductListController.doGet(javax.servlet.http.HttpServletRequest,javax.servlet.http.HttpServletResponse)
2019-09-25 18:47:51,788 INFO[org.springframework.web.servlet.mvc.method.annotation.RequestMappingHandlerMapping:532] - Mapped "{[/adminSearchProductList],methods=[POST]}" onto public java.lang.String ssm.controller.admin.AdminSearchProductListController.getSearchProductList(javax.servlet.http.HttpServletRequest) throws java.io.UnsupportedEncodingException
2019-09-25 18:47:51,789 INFO[org.springframework.web.servlet.mvc.method.annotation.RequestMappingHandlerMapping:532] - Mapped "{[/adminUpdateProduct],methods=[POST]}" onto public java.lang.String ssm.controller.admin.AdminUpdateProductController.doAddProduct(javax.servlet.http.HttpServletRequest) throws java.io.UnsupportedEncodingException
2019-09-25 18:47:51,790 INFO[org.springframework.web.servlet.mvc.method.annotation.RequestMappingHandlerMapping:532] - Mapped "{[/adminUpdateProductUI],methods=[GET]}" onto public java.lang.String ssm.controller.admin.AdminUpdateProductUIController.updateProductUI(javax.servlet.http.HttpServletRequest,javax.servlet.http.HttpServletResponse)
2019-09-25 18:47:51,791 INFO[org.springframework.web.servlet.mvc.method.annotation.RequestMappingHandlerMapping:532] - Mapped "{[/categoryList],produces=[text/html;charset=UTF-8]}" onto public java.lang.String ssm.controller.CategoryListController.getCategoryList()
2019-09-25 18:47:51,799 INFO[org.springframework.web.servlet.mvc.method.annotation.RequestMappingHandlerMapping:532] - Mapped "{[/index],methods=[GET]}" onto public java.lang.String ssm.controller.ProductController.getIndex(javax.servlet.http.HttpServletRequest)
2019-09-25 18:47:51,800 INFO[org.springframework.web.servlet.mvc.method.annotation.RequestMappingHandlerMapping:532] - Mapped "{[/addProductToCart]}" onto public java.lang.String ssm.controller.ProductController.addProductToCart(javax.servlet.http.HttpServletRequest,javax.servlet.http.HttpSession)
2019-09-25 18:47:51,800 INFO[org.springframework.web.servlet.mvc.method.annotation.RequestMappingHandlerMapping:532] - Mapped "{[/clearCart]}" onto public java.lang.String ssm.controller.ProductController.clearCart(javax.servlet.http.HttpServletRequest,javax.servlet.http.HttpSession)
2019-09-25 18:47:51,801 INFO[org.springframework.web.servlet.mvc.method.annotation.RequestMappingHandlerMapping:532] - Mapped "{[/submitOrder]}" onto public java.lang.String ssm.controller.ProductController.submitOrder(javax.servlet.http.HttpServletRequest,javax.servlet.http.HttpSession)
2019-09-25 18:47:51,801 INFO[org.springframework.web.servlet.mvc.method.annotation.RequestMappingHandlerMapping:532] - Mapped "{[/myOrders]}" onto public java.lang.String ssm.controller.ProductController.myOrders(javax.servlet.http.HttpServletRequest,javax.servlet.http.HttpSession)
2019-09-25 18:47:51,802 INFO[org.springframework.web.servlet.mvc.method.annotation.RequestMappingHandlerMapping:532] - Mapped "{[/productInfo]}" onto public java.lang.String ssm.controller.ProductController.getProductInfo(javax.servlet.http.HttpServletRequest,javax.servlet.http.HttpServletResponse)
2019-09-25 18:47:51,802 INFO[org.springframework.web.servlet.mvc.method.annotation.RequestMappingHandlerMapping:532] - Mapped "{[/productList],methods=[GET]}" onto public java.lang.String ssm.controller.ProductController.getProductList(javax.servlet.http.HttpServletRequest)
2019-09-25 18:47:51,803 INFO[org.springframework.web.servlet.mvc.method.annotation.RequestMappingHandlerMapping:532] - Mapped "{[/productListByCid]}" onto public java.lang.String ssm.controller.ProductController.getProductListByCid(javax.servlet.http.HttpServletRequest)
2019-09-25 18:47:51,803 INFO[org.springframework.web.servlet.mvc.method.annotation.RequestMappingHandlerMapping:532] - Mapped "{[/delProductFromCart]}" onto public java.lang.String ssm.controller.ProductController.delProductFromCart(javax.servlet.http.HttpServletRequest,javax.servlet.http.HttpSession)
2019-09-25 18:47:51,807 INFO[org.springframework.web.servlet.mvc.method.annotation.RequestMappingHandlerMapping:532] - Mapped "{[/register/],methods=[POST]}" onto public java.lang.String ssm.controller.RegisterController.doRegister(javax.servlet.http.HttpServletRequest) throws java.io.UnsupportedEncodingException
2019-09-25 18:47:51,807 INFO[org.springframework.web.servlet.mvc.method.annotation.RequestMappingHandlerMapping:532] - Mapped "{[/register/active],methods=[GET]}" onto public java.lang.String ssm.controller.RegisterController.doActivate(javax.servlet.http.HttpServletRequest)
2019-09-25 18:47:51,808 INFO[org.springframework.web.servlet.mvc.method.annotation.RequestMappingHandlerMapping:532] - Mapped "{[/register/checkUsername]}" onto public java.lang.String ssm.controller.RegisterController.doCheckUserName(javax.servlet.http.HttpServletRequest)
2019-09-25 18:47:51,811 INFO[org.springframework.web.servlet.mvc.method.annotation.RequestMappingHandlerMapping:532] - Mapped "{[/user/logout]}" onto public java.lang.String ssm.controller.UserController.logout(javax.servlet.http.HttpSession)
2019-09-25 18:47:51,812 INFO[org.springframework.web.servlet.mvc.method.annotation.RequestMappingHandlerMapping:532] - Mapped "{[/user/login]}" onto public java.lang.String ssm.controller.UserController.login(javax.servlet.http.HttpServletRequest,javax.servlet.http.HttpServletResponse,javax.servlet.http.HttpSession)
2019-09-25 18:47:51,845 INFO[org.hibernate.validator.util.Version:24] - Hibernate Validator 4.2.0.Final
2019-09-25 18:47:52,436 INFO[org.springframework.web.servlet.mvc.method.annotation.RequestMappingHandlerAdapter:532] - Looking for @ControllerAdvice: WebApplicationContext for namespace 'spring-dispatcher-servlet': startup date [Wed Sep 25 18:47:50 CST 2019]; root of context hierarchy
2019-09-25 18:47:52,523 INFO[org.springframework.web.servlet.mvc.method.annotation.RequestMappingHandlerAdapter:532] - Looking for @ControllerAdvice: WebApplicationContext for namespace 'spring-dispatcher-servlet': startup date [Wed Sep 25 18:47:50 CST 2019]; root of context hierarchy
2019-09-25 18:47:52,597 INFO[org.springframework.web.servlet.handler.SimpleUrlHandlerMapping:341] - Mapped URL path [/**] onto handler 'org.springframework.web.servlet.resource.DefaultServletHttpRequestHandler#0'
2019-09-25 18:47:53,254 INFO[com.alibaba.druid.pool.DruidDataSource:947] - {dataSource-1} inited
2019-09-25 18:47:54,562 INFO[org.springframework.web.servlet.DispatcherServlet:507] - FrameworkServlet 'spring-dispatcher': initialization completed in 4050 ms
2019-09-25 18:50:36,802 INFO[org.springframework.web.servlet.DispatcherServlet:488] - FrameworkServlet 'spring-dispatcher': initialization started
2019-09-25 18:50:36,840 INFO[org.springframework.web.context.support.XmlWebApplicationContext:573] - Refreshing WebApplicationContext for namespace 'spring-dispatcher-servlet': startup date [Wed Sep 25 18:50:36 CST 2019]; root of context hierarchy
2019-09-25 18:50:36,906 INFO[org.springframework.beans.factory.xml.XmlBeanDefinitionReader:317] - Loading XML bean definitions from ServletContext resource [/WEB-INF/spring/spring-web.xml]
2019-09-25 18:50:37,307 INFO[org.springframework.beans.factory.xml.XmlBeanDefinitionReader:317] - Loading XML bean definitions from ServletContext resource [/WEB-INF/spring/spring-redis.xml]
2019-09-25 18:50:37,348 INFO[org.springframework.beans.factory.xml.XmlBeanDefinitionReader:317] - Loading XML bean definitions from ServletContext resource [/WEB-INF/spring/spring-service.xml]
2019-09-25 18:50:37,401 INFO[org.springframework.beans.factory.xml.XmlBeanDefinitionReader:317] - Loading XML bean definitions from ServletContext resource [/WEB-INF/spring/spring-mail.xml]
2019-09-25 18:50:37,424 INFO[org.springframework.beans.factory.xml.XmlBeanDefinitionReader:317] - Loading XML bean definitions from ServletContext resource [/WEB-INF/spring/spring-dao.xml]
2019-09-25 18:50:37,709 INFO[org.springframework.context.support.PropertySourcesPlaceholderConfigurer:172] - Loading properties file from ServletContext resource [/WEB-INF/redis.properties]
2019-09-25 18:50:37,723 INFO[org.springframework.context.support.PropertySourcesPlaceholderConfigurer:172] - Loading properties file from URL [file:/D:/IdeaProjects/master/target/master/WEB-INF/classes/mail.properties]
2019-09-25 18:50:37,728 INFO[org.springframework.context.support.PropertySourcesPlaceholderConfigurer:172] - Loading properties file from URL [file:/D:/IdeaProjects/master/target/master/WEB-INF/classes/jdbc.properties]
2019-09-25 18:50:37,733 INFO[org.springframework.beans.factory.annotation.AutowiredAnnotationBeanPostProcessor:153] - JSR-330 'javax.inject.Inject' annotation found and supported for autowiring
2019-09-25 18:50:38,062 INFO[org.springframework.web.servlet.mvc.method.annotation.RequestMappingHandlerMapping:532] - Mapped "{[/adminAddProduct],methods=[POST]}" onto public java.lang.String ssm.controller.admin.AdminAddProductController.addProduct(javax.servlet.http.HttpServletRequest) throws java.io.UnsupportedEncodingException
2019-09-25 18:50:38,064 INFO[org.springframework.web.servlet.mvc.method.annotation.RequestMappingHandlerMapping:532] - Mapped "{[/adminAddProductUI],methods=[GET]}" onto public java.lang.String ssm.controller.admin.AdminAddProductUIController.doGetAddProductUI(javax.servlet.http.HttpServletRequest,javax.servlet.http.HttpServletResponse)
2019-09-25 18:50:38,066 INFO[org.springframework.web.servlet.mvc.method.annotation.RequestMappingHandlerMapping:532] - Mapped "{[/adminDelProduct],methods=[GET]}" onto public java.lang.String ssm.controller.admin.AdminDelProductController.delProduct(javax.servlet.http.HttpServletRequest)
2019-09-25 18:50:38,072 INFO[org.springframework.web.servlet.mvc.method.annotation.RequestMappingHandlerMapping:532] - Mapped "{[/findAllOrders]}" onto public java.lang.String ssm.controller.admin.AdminOrderController.findAllOrders(javax.servlet.http.HttpServletRequest)
2019-09-25 18:50:38,073 INFO[org.springframework.web.servlet.mvc.method.annotation.RequestMappingHandlerMapping:532] - Mapped "{[/findOrderInfoByOid],produces=[text/html;charset=UTF-8]}" onto public java.lang.String ssm.controller.admin.AdminOrderController.findOrderInfoByOid(javax.servlet.http.HttpServletRequest)
2019-09-25 18:50:38,075 INFO[org.springframework.web.servlet.mvc.method.annotation.RequestMappingHandlerMapping:532] - Mapped "{[/admin/home],methods=[GET]}" onto private java.lang.String ssm.controller.admin.AdminProductListController.getHome()
2019-09-25 18:50:38,076 INFO[org.springframework.web.servlet.mvc.method.annotation.RequestMappingHandlerMapping:532] - Mapped "{[/adminProductList],methods=[GET]}" onto protected java.lang.String ssm.controller.admin.AdminProductListController.doGet(javax.servlet.http.HttpServletRequest,javax.servlet.http.HttpServletResponse)
2019-09-25 18:50:38,077 INFO[org.springframework.web.servlet.mvc.method.annotation.RequestMappingHandlerMapping:532] - Mapped "{[/adminSearchProductList],methods=[POST]}" onto public java.lang.String ssm.controller.admin.AdminSearchProductListController.getSearchProductList(javax.servlet.http.HttpServletRequest) throws java.io.UnsupportedEncodingException
2019-09-25 18:50:38,078 INFO[org.springframework.web.servlet.mvc.method.annotation.RequestMappingHandlerMapping:532] - Mapped "{[/adminUpdateProduct],methods=[POST]}" onto public java.lang.String ssm.controller.admin.AdminUpdateProductController.doAddProduct(javax.servlet.http.HttpServletRequest) throws java.io.UnsupportedEncodingException
2019-09-25 18:50:38,080 INFO[org.springframework.web.servlet.mvc.method.annotation.RequestMappingHandlerMapping:532] - Mapped "{[/adminUpdateProductUI],methods=[GET]}" onto public java.lang.String ssm.controller.admin.AdminUpdateProductUIController.updateProductUI(javax.servlet.http.HttpServletRequest,javax.servlet.http.HttpServletResponse)
2019-09-25 18:50:38,081 INFO[org.springframework.web.servlet.mvc.method.annotation.RequestMappingHandlerMapping:532] - Mapped "{[/categoryList],produces=[text/html;charset=UTF-8]}" onto public java.lang.String ssm.controller.CategoryListController.getCategoryList()
2019-09-25 18:50:38,090 INFO[org.springframework.web.servlet.mvc.method.annotation.RequestMappingHandlerMapping:532] - Mapped "{[/index],methods=[GET]}" onto public java.lang.String ssm.controller.ProductController.getIndex(javax.servlet.http.HttpServletRequest)
2019-09-25 18:50:38,091 INFO[org.springframework.web.servlet.mvc.method.annotation.RequestMappingHandlerMapping:532] - Mapped "{[/delProductFromCart]}" onto public java.lang.String ssm.controller.ProductController.delProductFromCart(javax.servlet.http.HttpServletRequest,javax.servlet.http.HttpSession)
2019-09-25 18:50:38,092 INFO[org.springframework.web.servlet.mvc.method.annotation.RequestMappingHandlerMapping:532] - Mapped "{[/productListByCid]}" onto public java.lang.String ssm.controller.ProductController.getProductListByCid(javax.servlet.http.HttpServletRequest)
2019-09-25 18:50:38,093 INFO[org.springframework.web.servlet.mvc.method.annotation.RequestMappingHandlerMapping:532] - Mapped "{[/productInfo]}" onto public java.lang.String ssm.controller.ProductController.getProductInfo(javax.servlet.http.HttpServletRequest,javax.servlet.http.HttpServletResponse)
2019-09-25 18:50:38,093 INFO[org.springframework.web.servlet.mvc.method.annotation.RequestMappingHandlerMapping:532] - Mapped "{[/productList],methods=[GET]}" onto public java.lang.String ssm.controller.ProductController.getProductList(javax.servlet.http.HttpServletRequest)
2019-09-25 18:50:38,094 INFO[org.springframework.web.servlet.mvc.method.annotation.RequestMappingHandlerMapping:532] - Mapped "{[/submitOrder]}" onto public java.lang.String ssm.controller.ProductController.submitOrder(javax.servlet.http.HttpServletRequest,javax.servlet.http.HttpSession)
2019-09-25 18:50:38,095 INFO[org.springframework.web.servlet.mvc.method.annotation.RequestMappingHandlerMapping:532] - Mapped "{[/myOrders]}" onto public java.lang.String ssm.controller.ProductController.myOrders(javax.servlet.http.HttpServletRequest,javax.servlet.http.HttpSession)
2019-09-25 18:50:38,096 INFO[org.springframework.web.servlet.mvc.method.annotation.RequestMappingHandlerMapping:532] - Mapped "{[/clearCart]}" onto public java.lang.String ssm.controller.ProductController.clearCart(javax.servlet.http.HttpServletRequest,javax.servlet.http.HttpSession)
2019-09-25 18:50:38,097 INFO[org.springframework.web.servlet.mvc.method.annotation.RequestMappingHandlerMapping:532] - Mapped "{[/addProductToCart]}" onto public java.lang.String ssm.controller.ProductController.addProductToCart(javax.servlet.http.HttpServletRequest,javax.servlet.http.HttpSession)
2019-09-25 18:50:38,101 INFO[org.springframework.web.servlet.mvc.method.annotation.RequestMappingHandlerMapping:532] - Mapped "{[/register/],methods=[POST]}" onto public java.lang.String ssm.controller.RegisterController.doRegister(javax.servlet.http.HttpServletRequest) throws java.io.UnsupportedEncodingException
2019-09-25 18:50:38,102 INFO[org.springframework.web.servlet.mvc.method.annotation.RequestMappingHandlerMapping:532] - Mapped "{[/register/active],methods=[GET]}" onto public java.lang.String ssm.controller.RegisterController.doActivate(javax.servlet.http.HttpServletRequest)
2019-09-25 18:50:38,103 INFO[org.springframework.web.servlet.mvc.method.annotation.RequestMappingHandlerMapping:532] - Mapped "{[/register/checkUsername]}" onto public java.lang.String ssm.controller.RegisterController.doCheckUserName(javax.servlet.http.HttpServletRequest)
2019-09-25 18:50:38,106 INFO[org.springframework.web.servlet.mvc.method.annotation.RequestMappingHandlerMapping:532] - Mapped "{[/user/login]}" onto public java.lang.String ssm.controller.UserController.login(javax.servlet.http.HttpServletRequest,javax.servlet.http.HttpServletResponse,javax.servlet.http.HttpSession)
2019-09-25 18:50:38,107 INFO[org.springframework.web.servlet.mvc.method.annotation.RequestMappingHandlerMapping:532] - Mapped "{[/user/logout]}" onto public java.lang.String ssm.controller.UserController.logout(javax.servlet.http.HttpSession)
2019-09-25 18:50:38,148 INFO[org.hibernate.validator.util.Version:24] - Hibernate Validator 4.2.0.Final
2019-09-25 18:50:38,697 INFO[org.springframework.web.servlet.mvc.method.annotation.RequestMappingHandlerAdapter:532] - Looking for @ControllerAdvice: WebApplicationContext for namespace 'spring-dispatcher-servlet': startup date [Wed Sep 25 18:50:36 CST 2019]; root of context hierarchy
2019-09-25 18:50:38,771 INFO[org.springframework.web.servlet.mvc.method.annotation.RequestMappingHandlerAdapter:532] - Looking for @ControllerAdvice: WebApplicationContext for namespace 'spring-dispatcher-servlet': startup date [Wed Sep 25 18:50:36 CST 2019]; root of context hierarchy
2019-09-25 18:50:38,859 INFO[org.springframework.web.servlet.handler.SimpleUrlHandlerMapping:341] - Mapped URL path [/**] onto handler 'org.springframework.web.servlet.resource.DefaultServletHttpRequestHandler#0'
2019-09-25 18:50:39,516 INFO[com.alibaba.druid.pool.DruidDataSource:947] - {dataSource-1} inited
2019-09-25 18:50:40,329 INFO[org.springframework.web.servlet.DispatcherServlet:507] - FrameworkServlet 'spring-dispatcher': initialization completed in 3522 ms
2019-09-25 18:53:28,602 INFO[org.springframework.beans.factory.xml.XmlBeanDefinitionReader:317] - Loading XML bean definitions from class path resource [org/springframework/jdbc/support/sql-error-codes.xml]
2019-09-25 18:53:28,642 INFO[org.springframework.jdbc.support.SQLErrorCodesFactory:126] - SQLErrorCodes loaded: [DB2, Derby, H2, HSQL, Informix, MS-SQL, MySQL, Oracle, PostgreSQL, Sybase, Hana]
2019-09-25 19:01:02,598 INFO[org.springframework.web.servlet.DispatcherServlet:488] - FrameworkServlet 'spring-dispatcher': initialization started
2019-09-25 19:01:02,639 INFO[org.springframework.web.context.support.XmlWebApplicationContext:573] - Refreshing WebApplicationContext for namespace 'spring-dispatcher-servlet': startup date [Wed Sep 25 19:01:02 CST 2019]; root of context hierarchy
2019-09-25 19:01:02,710 INFO[org.springframework.beans.factory.xml.XmlBeanDefinitionReader:317] - Loading XML bean definitions from ServletContext resource [/WEB-INF/spring/spring-web.xml]
2019-09-25 19:01:03,141 INFO[org.springframework.beans.factory.xml.XmlBeanDefinitionReader:317] - Loading XML bean definitions from ServletContext resource [/WEB-INF/spring/spring-redis.xml]
2019-09-25 19:01:03,189 INFO[org.springframework.beans.factory.xml.XmlBeanDefinitionReader:317] - Loading XML bean definitions from ServletContext resource [/WEB-INF/spring/spring-service.xml]
2019-09-25 19:01:03,245 INFO[org.springframework.beans.factory.xml.XmlBeanDefinitionReader:317] - Loading XML bean definitions from ServletContext resource [/WEB-INF/spring/spring-mail.xml]
2019-09-25 19:01:03,274 INFO[org.springframework.beans.factory.xml.XmlBeanDefinitionReader:317] - Loading XML bean definitions from ServletContext resource [/WEB-INF/spring/spring-dao.xml]
2019-09-25 19:01:03,615 INFO[org.springframework.context.support.PropertySourcesPlaceholderConfigurer:172] - Loading properties file from ServletContext resource [/WEB-INF/redis.properties]
2019-09-25 19:01:03,631 INFO[org.springframework.context.support.PropertySourcesPlaceholderConfigurer:172] - Loading properties file from URL [file:/D:/IdeaProjects/master/target/master/WEB-INF/classes/mail.properties]
2019-09-25 19:01:03,635 INFO[org.springframework.context.support.PropertySourcesPlaceholderConfigurer:172] - Loading properties file from URL [file:/D:/IdeaProjects/master/target/master/WEB-INF/classes/jdbc.properties]
2019-09-25 19:01:03,640 INFO[org.springframework.beans.factory.annotation.AutowiredAnnotationBeanPostProcessor:153] - JSR-330 'javax.inject.Inject' annotation found and supported for autowiring
2019-09-25 19:01:03,982 INFO[org.springframework.web.servlet.mvc.method.annotation.RequestMappingHandlerMapping:532] - Mapped "{[/adminAddProduct],methods=[POST]}" onto public java.lang.String ssm.controller.admin.AdminAddProductController.addProduct(javax.servlet.http.HttpServletRequest) throws java.io.UnsupportedEncodingException
2019-09-25 19:01:03,985 INFO[org.springframework.web.servlet.mvc.method.annotation.RequestMappingHandlerMapping:532] - Mapped "{[/adminAddProductUI],methods=[GET]}" onto public java.lang.String ssm.controller.admin.AdminAddProductUIController.doGetAddProductUI(javax.servlet.http.HttpServletRequest,javax.servlet.http.HttpServletResponse)
2019-09-25 19:01:03,987 INFO[org.springframework.web.servlet.mvc.method.annotation.RequestMappingHandlerMapping:532] - Mapped "{[/adminDelProduct],methods=[GET]}" onto public java.lang.String ssm.controller.admin.AdminDelProductController.delProduct(javax.servlet.http.HttpServletRequest)
2019-09-25 19:01:03,993 INFO[org.springframework.web.servlet.mvc.method.annotation.RequestMappingHandlerMapping:532] - Mapped "{[/findAllOrders]}" onto public java.lang.String ssm.controller.admin.AdminOrderController.findAllOrders(javax.servlet.http.HttpServletRequest)
2019-09-25 19:01:03,994 INFO[org.springframework.web.servlet.mvc.method.annotation.RequestMappingHandlerMapping:532] - Mapped "{[/findOrderInfoByOid],produces=[text/html;charset=UTF-8]}" onto public java.lang.String ssm.controller.admin.AdminOrderController.findOrderInfoByOid(javax.servlet.http.HttpServletRequest)
2019-09-25 19:01:03,998 INFO[org.springframework.web.servlet.mvc.method.annotation.RequestMappingHandlerMapping:532] - Mapped "{[/admin/home],methods=[GET]}" onto private java.lang.String ssm.controller.admin.AdminProductListController.getHome()
2019-09-25 19:01:03,999 INFO[org.springframework.web.servlet.mvc.method.annotation.RequestMappingHandlerMapping:532] - Mapped "{[/adminProductList],methods=[GET]}" onto protected java.lang.String ssm.controller.admin.AdminProductListController.doGet(javax.servlet.http.HttpServletRequest,javax.servlet.http.HttpServletResponse)
2019-09-25 19:01:04,001 INFO[org.springframework.web.servlet.mvc.method.annotation.RequestMappingHandlerMapping:532] - Mapped "{[/adminSearchProductList],methods=[POST]}" onto public java.lang.String ssm.controller.admin.AdminSearchProductListController.getSearchProductList(javax.servlet.http.HttpServletRequest) throws java.io.UnsupportedEncodingException
2019-09-25 19:01:04,002 INFO[org.springframework.web.servlet.mvc.method.annotation.RequestMappingHandlerMapping:532] - Mapped "{[/adminUpdateProduct],methods=[POST]}" onto public java.lang.String ssm.controller.admin.AdminUpdateProductController.doAddProduct(javax.servlet.http.HttpServletRequest) throws java.io.UnsupportedEncodingException
2019-09-25 19:01:04,003 INFO[org.springframework.web.servlet.mvc.method.annotation.RequestMappingHandlerMapping:532] - Mapped "{[/adminUpdateProductUI],methods=[GET]}" onto public java.lang.String ssm.controller.admin.AdminUpdateProductUIController.updateProductUI(javax.servlet.http.HttpServletRequest,javax.servlet.http.HttpServletResponse)
2019-09-25 19:01:04,005 INFO[org.springframework.web.servlet.mvc.method.annotation.RequestMappingHandlerMapping:532] - Mapped "{[/categoryList],produces=[text/html;charset=UTF-8]}" onto public java.lang.String ssm.controller.CategoryListController.getCategoryList()
2019-09-25 19:01:04,014 INFO[org.springframework.web.servlet.mvc.method.annotation.RequestMappingHandlerMapping:532] - Mapped "{[/index],methods=[GET]}" onto public java.lang.String ssm.controller.ProductController.getIndex(javax.servlet.http.HttpServletRequest)
2019-09-25 19:01:04,015 INFO[org.springframework.web.servlet.mvc.method.annotation.RequestMappingHandlerMapping:532] - Mapped "{[/productList],methods=[GET]}" onto public java.lang.String ssm.controller.ProductController.getProductList(javax.servlet.http.HttpServletRequest)
2019-09-25 19:01:04,016 INFO[org.springframework.web.servlet.mvc.method.annotation.RequestMappingHandlerMapping:532] - Mapped "{[/addProductToCart]}" onto public java.lang.String ssm.controller.ProductController.addProductToCart(javax.servlet.http.HttpServletRequest,javax.servlet.http.HttpSession)
2019-09-25 19:01:04,016 INFO[org.springframework.web.servlet.mvc.method.annotation.RequestMappingHandlerMapping:532] - Mapped "{[/myOrders]}" onto public java.lang.String ssm.controller.ProductController.myOrders(javax.servlet.http.HttpServletRequest,javax.servlet.http.HttpSession)
2019-09-25 19:01:04,017 INFO[org.springframework.web.servlet.mvc.method.annotation.RequestMappingHandlerMapping:532] - Mapped "{[/productInfo]}" onto public java.lang.String ssm.controller.ProductController.getProductInfo(javax.servlet.http.HttpServletRequest,javax.servlet.http.HttpServletResponse)
2019-09-25 19:01:04,018 INFO[org.springframework.web.servlet.mvc.method.annotation.RequestMappingHandlerMapping:532] - Mapped "{[/clearCart]}" onto public java.lang.String ssm.controller.ProductController.clearCart(javax.servlet.http.HttpServletRequest,javax.servlet.http.HttpSession)
2019-09-25 19:01:04,019 INFO[org.springframework.web.servlet.mvc.method.annotation.RequestMappingHandlerMapping:532] - Mapped "{[/submitOrder]}" onto public java.lang.String ssm.controller.ProductController.submitOrder(javax.servlet.http.HttpServletRequest,javax.servlet.http.HttpSession)
2019-09-25 19:01:04,019 INFO[org.springframework.web.servlet.mvc.method.annotation.RequestMappingHandlerMapping:532] - Mapped "{[/delProductFromCart]}" onto public java.lang.String ssm.controller.ProductController.delProductFromCart(javax.servlet.http.HttpServletRequest,javax.servlet.http.HttpSession)
2019-09-25 19:01:04,020 INFO[org.springframework.web.servlet.mvc.method.annotation.RequestMappingHandlerMapping:532] - Mapped "{[/productListByCid]}" onto public java.lang.String ssm.controller.ProductController.getProductListByCid(javax.servlet.http.HttpServletRequest)
2019-09-25 19:01:04,024 INFO[org.springframework.web.servlet.mvc.method.annotation.RequestMappingHandlerMapping:532] - Mapped "{[/register/],methods=[POST]}" onto public java.lang.String ssm.controller.RegisterController.doRegister(javax.servlet.http.HttpServletRequest) throws java.io.UnsupportedEncodingException
2019-09-25 19:01:04,025 INFO[org.springframework.web.servlet.mvc.method.annotation.RequestMappingHandlerMapping:532] - Mapped "{[/register/active],methods=[GET]}" onto public java.lang.String ssm.controller.RegisterController.doActivate(javax.servlet.http.HttpServletRequest)
2019-09-25 19:01:04,026 INFO[org.springframework.web.servlet.mvc.method.annotation.RequestMappingHandlerMapping:532] - Mapped "{[/register/checkUsername]}" onto public java.lang.String ssm.controller.RegisterController.doCheckUserName(javax.servlet.http.HttpServletRequest)
2019-09-25 19:01:04,029 INFO[org.springframework.web.servlet.mvc.method.annotation.RequestMappingHandlerMapping:532] - Mapped "{[/user/login]}" onto public java.lang.String ssm.controller.UserController.login(javax.servlet.http.HttpServletRequest,javax.servlet.http.HttpServletResponse,javax.servlet.http.HttpSession)
2019-09-25 19:01:04,030 INFO[org.springframework.web.servlet.mvc.method.annotation.RequestMappingHandlerMapping:532] - Mapped "{[/user/logout]}" onto public java.lang.String ssm.controller.UserController.logout(javax.servlet.http.HttpSession)
2019-09-25 19:01:04,068 INFO[org.hibernate.validator.util.Version:24] - Hibernate Validator 4.2.0.Final
2019-09-25 19:01:04,695 INFO[org.springframework.web.servlet.mvc.method.annotation.RequestMappingHandlerAdapter:532] - Looking for @ControllerAdvice: WebApplicationContext for namespace 'spring-dispatcher-servlet': startup date [Wed Sep 25 19:01:02 CST 2019]; root of context hierarchy
2019-09-25 19:01:04,784 INFO[org.springframework.web.servlet.mvc.method.annotation.RequestMappingHandlerAdapter:532] - Looking for @ControllerAdvice: WebApplicationContext for namespace 'spring-dispatcher-servlet': startup date [Wed Sep 25 19:01:02 CST 2019]; root of context hierarchy
2019-09-25 19:01:04,873 INFO[org.springframework.web.servlet.handler.SimpleUrlHandlerMapping:341] - Mapped URL path [/**] onto handler 'org.springframework.web.servlet.resource.DefaultServletHttpRequestHandler#0'
2019-09-25 19:01:05,548 INFO[com.alibaba.druid.pool.DruidDataSource:947] - {dataSource-1} inited
2019-09-25 19:01:06,737 INFO[org.springframework.web.servlet.DispatcherServlet:507] - FrameworkServlet 'spring-dispatcher': initialization completed in 4135 ms
